<?xml version="1.0" encoding="UTF-8"?>
<!-- Generated by org.testng.reporters.JUnitReportReporter -->
<testsuite skipped="0" hostname="pankajpc" name="Testcases.AddCustomer" tests="2" failures="0" timestamp="21 May 2020 06:49:51 GMT" time="5.585" errors="0">
  <testcase name="AddnewCustomer" time="4.735" classname="Testcases.AddCustomer"/>
  <testcase name="searchcustomer" time="0.850" classname="Testcases.AddCustomer"/>
</testsuite> <!-- Testcases.AddCustomer -->
