<?xml version="1.0" encoding="UTF-8"?>
<!-- Generated by org.testng.reporters.JUnitReportReporter -->
<testsuite skipped="0" hostname="pankajpc" name="Testcases.AddCustomer" tests="2" failures="0" timestamp="01 Jun 2020 08:02:20 GMT" time="5.281" errors="0">
  <testcase name="AddnewCustomer" time="4.889" classname="Testcases.AddCustomer"/>
  <testcase name="searchcustomer" time="0.392" classname="Testcases.AddCustomer"/>
</testsuite> <!-- Testcases.AddCustomer -->
